30/3/17 1:51:03 PM IST Version 10.4.0 (Build 10.4.0026.0049)
30/3/17 1:51:03 PM IST Connected:administrator@MicroStrategy Analytics Modules
30/3/17 1:51:03 PM IST Executing task(s)...
30/3/17 1:51:03 PM IST Checking syntax...
30/3/17 1:51:03 PM IST Syntax is correct.
30/3/17 1:51:03 PM IST Syntax checking has been completed.
30/3/17 1:51:04 PM IST Failed to create the user 'Rohan'.
30/3/17 1:51:04 PM IST (Cannot create user because its login name is already in use.)
30/3/17 1:51:04 PM IST 1
30/3/17 1:51:04 PM IST Procedure 'test' execution completed.
30/3/17 1:51:04 PM IST No results returned.
30/3/17 1:51:04 PM IST Task(s) execution completed with errors.
30/3/17 1:51:04 PM IST Execution Time: 00:00:00
30/3/17 1:51:04 PM IST Successfully disconnected. (MSTR) MicroStrategy Analytics Modules: administrator
###################################################################

30/3/17 1:51:28 PM IST Version 10.4.0 (Build 10.4.0026.0049)
30/3/17 1:51:28 PM IST Connected:administrator@MicroStrategy Analytics Modules
30/3/17 1:51:28 PM IST Executing task(s)...
30/3/17 1:51:28 PM IST Checking syntax...
30/3/17 1:51:28 PM IST Syntax is correct.
30/3/17 1:51:28 PM IST Syntax checking has been completed.
30/3/17 1:51:29 PM IST Failed to create the user 'Rohan'.
30/3/17 1:51:29 PM IST (Cannot create user because its login name is already in use.)
30/3/17 1:51:29 PM IST 1
30/3/17 1:51:29 PM IST Procedure 'test' execution completed.
30/3/17 1:51:29 PM IST No results returned.
30/3/17 1:51:29 PM IST Task(s) execution completed with errors.
30/3/17 1:51:29 PM IST Execution Time: 00:00:00
30/3/17 1:51:29 PM IST Successfully disconnected. (MSTR) MicroStrategy Analytics Modules: administrator
###################################################################

30/3/17 1:51:35 PM IST Version 10.4.0 (Build 10.4.0026.0049)
30/3/17 1:51:35 PM IST Connected:administrator@MicroStrategy Analytics Modules
30/3/17 1:51:35 PM IST Executing task(s)...
30/3/17 1:51:35 PM IST Checking syntax...
30/3/17 1:51:35 PM IST Syntax is correct.
30/3/17 1:51:35 PM IST Syntax checking has been completed.
30/3/17 1:51:36 PM IST Failed to create the user 'Rohan'.
30/3/17 1:51:36 PM IST (Cannot create user because its login name is already in use.)
30/3/17 1:51:36 PM IST 1
30/3/17 1:51:36 PM IST Procedure 'test' execution completed.
30/3/17 1:51:36 PM IST No results returned.
30/3/17 1:51:36 PM IST Task(s) execution completed with errors.
30/3/17 1:51:36 PM IST Execution Time: 00:00:00
30/3/17 1:51:36 PM IST Successfully disconnected. (MSTR) MicroStrategy Analytics Modules: administrator
###################################################################

30/3/17 1:51:42 PM IST Version 10.4.0 (Build 10.4.0026.0049)
30/3/17 1:51:42 PM IST Connected:administrator@MicroStrategy Analytics Modules
30/3/17 1:51:42 PM IST Executing task(s)...
30/3/17 1:51:42 PM IST Checking syntax...
30/3/17 1:51:42 PM IST Syntax is correct.
30/3/17 1:51:42 PM IST Syntax checking has been completed.
30/3/17 1:51:43 PM IST Failed to create the user 'Rohan'.
30/3/17 1:51:43 PM IST (Cannot create user because its login name is already in use.)
30/3/17 1:51:43 PM IST 1
30/3/17 1:51:43 PM IST Procedure 'test' execution completed.
30/3/17 1:51:43 PM IST No results returned.
30/3/17 1:51:43 PM IST Task(s) execution completed with errors.
30/3/17 1:51:43 PM IST Execution Time: 00:00:00
30/3/17 1:51:43 PM IST Successfully disconnected. (MSTR) MicroStrategy Analytics Modules: administrator
###################################################################

30/3/17 1:51:48 PM IST Version 10.4.0 (Build 10.4.0026.0049)
30/3/17 1:51:48 PM IST Connected:administrator@MicroStrategy Analytics Modules
30/3/17 1:51:48 PM IST Executing task(s)...
30/3/17 1:51:48 PM IST Checking syntax...
30/3/17 1:51:48 PM IST Syntax is correct.
30/3/17 1:51:48 PM IST Syntax checking has been completed.
30/3/17 1:51:49 PM IST Failed to create the user 'Rohan'.
30/3/17 1:51:49 PM IST (Cannot create user because its login name is already in use.)
30/3/17 1:51:49 PM IST 1
30/3/17 1:51:49 PM IST Procedure 'test' execution completed.
30/3/17 1:51:49 PM IST No results returned.
30/3/17 1:51:49 PM IST Task(s) execution completed with errors.
30/3/17 1:51:49 PM IST Execution Time: 00:00:00
30/3/17 1:51:49 PM IST Successfully disconnected. (MSTR) MicroStrategy Analytics Modules: administrator
###################################################################

30/3/17 1:51:54 PM IST Version 10.4.0 (Build 10.4.0026.0049)
30/3/17 1:51:54 PM IST Connected:administrator@MicroStrategy Analytics Modules
30/3/17 1:51:54 PM IST Executing task(s)...
30/3/17 1:51:54 PM IST Checking syntax...
30/3/17 1:51:54 PM IST Syntax is correct.
30/3/17 1:51:54 PM IST Syntax checking has been completed.
30/3/17 1:51:55 PM IST Failed to create the user 'Rohan'.
30/3/17 1:51:55 PM IST (Cannot create user because its login name is already in use.)
30/3/17 1:51:55 PM IST 1
30/3/17 1:51:55 PM IST Procedure 'test' execution completed.
30/3/17 1:51:55 PM IST No results returned.
30/3/17 1:51:55 PM IST Task(s) execution completed with errors.
30/3/17 1:51:55 PM IST Execution Time: 00:00:00
30/3/17 1:51:55 PM IST Successfully disconnected. (MSTR) MicroStrategy Analytics Modules: administrator
###################################################################

30/3/17 3:09:08 PM IST Version 10.4.0 (Build 10.4.0026.0049)
30/3/17 3:09:08 PM IST Connected:administrator@MicroStrategy Analytics Modules
30/3/17 3:09:08 PM IST Executing task(s)...
30/3/17 3:09:08 PM IST Checking syntax...
30/3/17 3:09:08 PM IST Syntax is correct.
30/3/17 3:09:08 PM IST Syntax checking has been completed.
30/3/17 3:09:10 PM IST The user 'Admin' has been created successfully.
30/3/17 3:09:10 PM IST 0
30/3/17 3:09:10 PM IST Procedure 'test' execution completed.
30/3/17 3:09:10 PM IST No results returned.
30/3/17 3:09:10 PM IST Task(s) execution completed successfully.
30/3/17 3:09:10 PM IST Execution Time: 00:00:01
30/3/17 3:09:10 PM IST Successfully disconnected. (MSTR) MicroStrategy Analytics Modules: administrator
###################################################################

30/3/17 3:14:42 PM IST Version 10.4.0 (Build 10.4.0026.0049)
30/3/17 3:14:42 PM IST Connected:administrator@MicroStrategy Analytics Modules
30/3/17 3:14:42 PM IST Executing task(s)...
30/3/17 3:14:42 PM IST Checking syntax...
30/3/17 3:14:42 PM IST Syntax is correct.
30/3/17 3:14:42 PM IST Syntax checking has been completed.
30/3/17 3:14:43 PM IST Failed to create the user 'Rohan'.
30/3/17 3:14:44 PM IST (Cannot create user because its login name is already in use.)
30/3/17 3:14:44 PM IST 1
30/3/17 3:14:44 PM IST Procedure 'test' execution completed.
30/3/17 3:14:44 PM IST No results returned.
30/3/17 3:14:44 PM IST Task(s) execution completed with errors.
30/3/17 3:14:44 PM IST Execution Time: 00:00:01
30/3/17 3:14:44 PM IST Successfully disconnected. (MSTR) MicroStrategy Analytics Modules: administrator
###################################################################

30/3/17 3:16:41 PM IST Version 10.4.0 (Build 10.4.0026.0049)
30/3/17 3:16:41 PM IST Connected:administrator@MicroStrategy Analytics Modules
30/3/17 3:16:41 PM IST Executing task(s)...
30/3/17 3:16:41 PM IST Checking syntax...
30/3/17 3:16:41 PM IST Syntax is correct.
30/3/17 3:16:41 PM IST Syntax checking has been completed.
30/3/17 3:16:42 PM IST The user 'Rohan' has been created successfully.
30/3/17 3:16:42 PM IST 0
30/3/17 3:16:42 PM IST Procedure 'test' execution completed.
30/3/17 3:16:42 PM IST No results returned.
30/3/17 3:16:42 PM IST Task(s) execution completed successfully.
30/3/17 3:16:42 PM IST Execution Time: 00:00:00
30/3/17 3:16:42 PM IST Successfully disconnected. (MSTR) MicroStrategy Analytics Modules: administrator
###################################################################

30/3/17 3:29:08 PM IST Version 10.4.0 (Build 10.4.0026.0049)
30/3/17 3:29:08 PM IST Connected:administrator@MicroStrategy Analytics Modules
30/3/17 3:29:08 PM IST Executing task(s)...
30/3/17 3:29:08 PM IST Checking syntax...
30/3/17 3:29:08 PM IST Syntax is correct.
30/3/17 3:29:08 PM IST Syntax checking has been completed.
30/3/17 3:29:08 PM IST The user 'Mohit' has been created successfully.
30/3/17 3:29:08 PM IST 0
30/3/17 3:29:08 PM IST Procedure 'test' execution completed.
30/3/17 3:29:08 PM IST No results returned.
30/3/17 3:29:08 PM IST Task(s) execution completed successfully.
30/3/17 3:29:08 PM IST Execution Time: 00:00:00
30/3/17 3:29:09 PM IST Successfully disconnected. (MSTR) MicroStrategy Analytics Modules: administrator
###################################################################

30/3/17 3:29:33 PM IST Version 10.4.0 (Build 10.4.0026.0049)
30/3/17 3:29:33 PM IST Connected:administrator@MicroStrategy Analytics Modules
30/3/17 3:29:34 PM IST Executing task(s)...
30/3/17 3:29:34 PM IST Checking syntax...
30/3/17 3:29:34 PM IST Syntax is correct.
30/3/17 3:29:34 PM IST Syntax checking has been completed.
30/3/17 3:29:34 PM IST Failed to create the user 'Mohit'.
30/3/17 3:29:34 PM IST (Cannot create user because its login name is already in use.)
30/3/17 3:29:34 PM IST 1
30/3/17 3:29:34 PM IST Procedure 'test' execution completed.
30/3/17 3:29:34 PM IST No results returned.
30/3/17 3:29:34 PM IST Task(s) execution completed with errors.
30/3/17 3:29:34 PM IST Execution Time: 00:00:00
30/3/17 3:29:34 PM IST Successfully disconnected. (MSTR) MicroStrategy Analytics Modules: administrator
###################################################################

30/3/17 3:30:17 PM IST Version 10.4.0 (Build 10.4.0026.0049)
30/3/17 3:30:17 PM IST Connected:administrator@MicroStrategy Analytics Modules
30/3/17 3:30:17 PM IST Executing task(s)...
30/3/17 3:30:17 PM IST Checking syntax...
30/3/17 3:30:17 PM IST Syntax is correct.
30/3/17 3:30:17 PM IST Syntax checking has been completed.
30/3/17 3:30:18 PM IST Failed to create the user 'Mohit'.
30/3/17 3:30:18 PM IST (Cannot create user because its login name is already in use.)
30/3/17 3:30:18 PM IST 1
30/3/17 3:30:18 PM IST Procedure 'test' execution completed.
30/3/17 3:30:18 PM IST No results returned.
30/3/17 3:30:18 PM IST Task(s) execution completed with errors.
30/3/17 3:30:18 PM IST Execution Time: 00:00:00
30/3/17 3:30:18 PM IST Successfully disconnected. (MSTR) MicroStrategy Analytics Modules: administrator
###################################################################

30/3/17 3:31:59 PM IST Version 10.4.0 (Build 10.4.0026.0049)
30/3/17 3:31:59 PM IST Connected:administrator@MicroStrategy Analytics Modules
30/3/17 3:31:59 PM IST Executing task(s)...
30/3/17 3:31:59 PM IST Checking syntax...
30/3/17 3:31:59 PM IST Syntax is correct.
30/3/17 3:31:59 PM IST Syntax checking has been completed.
30/3/17 3:32:00 PM IST Failed to create the user 'Mohit'.
30/3/17 3:32:00 PM IST (Cannot create user because its login name is already in use.)
30/3/17 3:32:00 PM IST 1
30/3/17 3:32:00 PM IST Procedure 'test' execution completed.
30/3/17 3:32:00 PM IST No results returned.
30/3/17 3:32:00 PM IST Task(s) execution completed with errors.
30/3/17 3:32:00 PM IST Execution Time: 00:00:00
30/3/17 3:32:00 PM IST Successfully disconnected. (MSTR) MicroStrategy Analytics Modules: administrator
###################################################################

30/3/17 3:33:11 PM IST Version 10.4.0 (Build 10.4.0026.0049)
30/3/17 3:33:11 PM IST Connected:administrator@MicroStrategy Analytics Modules
30/3/17 3:33:11 PM IST Executing task(s)...
30/3/17 3:33:11 PM IST Checking syntax...
30/3/17 3:33:11 PM IST Syntax is correct.
30/3/17 3:33:11 PM IST Syntax checking has been completed.
30/3/17 3:33:12 PM IST Failed to create the user 'Mohit'.
30/3/17 3:33:12 PM IST (Cannot create user because its login name is already in use.)
30/3/17 3:33:12 PM IST 1
30/3/17 3:33:12 PM IST Procedure 'test' execution completed.
30/3/17 3:33:12 PM IST No results returned.
30/3/17 3:33:12 PM IST Task(s) execution completed with errors.
30/3/17 3:33:12 PM IST Execution Time: 00:00:00
30/3/17 3:33:12 PM IST Successfully disconnected. (MSTR) MicroStrategy Analytics Modules: administrator
###################################################################

30/3/17 3:34:23 PM IST Version 10.4.0 (Build 10.4.0026.0049)
30/3/17 3:34:23 PM IST Connected:administrator@MicroStrategy Analytics Modules
30/3/17 3:34:24 PM IST Executing task(s)...
30/3/17 3:34:24 PM IST Checking syntax...
30/3/17 3:34:24 PM IST Syntax is correct.
30/3/17 3:34:24 PM IST Syntax checking has been completed.
30/3/17 3:34:24 PM IST The user 'Rohan' has been created successfully.
30/3/17 3:34:24 PM IST 0
30/3/17 3:34:24 PM IST Procedure 'test' execution completed.
30/3/17 3:34:24 PM IST No results returned.
30/3/17 3:34:24 PM IST Task(s) execution completed successfully.
30/3/17 3:34:24 PM IST Execution Time: 00:00:00
30/3/17 3:34:24 PM IST Successfully disconnected. (MSTR) MicroStrategy Analytics Modules: administrator
###################################################################

30/3/17 4:08:14 PM IST Version 10.4.0 (Build 10.4.0026.0049)
30/3/17 4:08:14 PM IST Connected:administrator@MicroStrategy Analytics Modules
30/3/17 4:08:14 PM IST Executing task(s)...
30/3/17 4:08:14 PM IST Checking syntax...
30/3/17 4:08:14 PM IST Syntax is correct.
30/3/17 4:08:14 PM IST Syntax checking has been completed.
30/3/17 4:08:15 PM IST The user 'Mohit' has been created successfully.
30/3/17 4:08:15 PM IST 0
30/3/17 4:08:15 PM IST Procedure 'test' execution completed.
30/3/17 4:08:15 PM IST No results returned.
30/3/17 4:08:15 PM IST Task(s) execution completed successfully.
30/3/17 4:08:15 PM IST Execution Time: 00:00:01
30/3/17 4:08:15 PM IST Successfully disconnected. (MSTR) MicroStrategy Analytics Modules: administrator
###################################################################

30/3/17 4:08:52 PM IST Version 10.4.0 (Build 10.4.0026.0049)
30/3/17 4:08:52 PM IST Connected:administrator@MicroStrategy Analytics Modules
30/3/17 4:08:52 PM IST Executing task(s)...
30/3/17 4:08:52 PM IST Checking syntax...
30/3/17 4:08:52 PM IST Syntax is correct.
30/3/17 4:08:52 PM IST Syntax checking has been completed.
30/3/17 4:08:53 PM IST Failed to create the user 'Mohit'.
30/3/17 4:08:53 PM IST (Cannot create user because its login name is already in use.)
30/3/17 4:08:53 PM IST 1
30/3/17 4:08:53 PM IST Procedure 'test' execution completed.
30/3/17 4:08:53 PM IST No results returned.
30/3/17 4:08:53 PM IST Task(s) execution completed with errors.
30/3/17 4:08:53 PM IST Execution Time: 00:00:00
30/3/17 4:08:53 PM IST Successfully disconnected. (MSTR) MicroStrategy Analytics Modules: administrator
###################################################################

30/3/17 6:47:59 PM IST Version 10.4.0 (Build 10.4.0026.0049)
30/3/17 6:47:59 PM IST Connected:administrator@MicroStrategy Analytics Modules
30/3/17 6:47:59 PM IST Executing task(s)...
30/3/17 6:47:59 PM IST Checking syntax...
30/3/17 6:47:59 PM IST Syntax is correct.
30/3/17 6:47:59 PM IST Syntax checking has been completed.
30/3/17 6:48:01 PM IST The user 'Mohit' has been created successfully.
30/3/17 6:48:01 PM IST 0
30/3/17 6:48:01 PM IST Procedure 'test' execution completed.
30/3/17 6:48:01 PM IST No results returned.
30/3/17 6:48:01 PM IST Task(s) execution completed successfully.
30/3/17 6:48:01 PM IST Execution Time: 00:00:01
30/3/17 6:48:01 PM IST Successfully disconnected. (MSTR) MicroStrategy Analytics Modules: administrator
###################################################################

30/3/17 6:48:40 PM IST Version 10.4.0 (Build 10.4.0026.0049)
30/3/17 6:48:40 PM IST Connected:administrator@MicroStrategy Analytics Modules
30/3/17 6:48:40 PM IST Executing task(s)...
30/3/17 6:48:40 PM IST Checking syntax...
30/3/17 6:48:40 PM IST Syntax is correct.
30/3/17 6:48:40 PM IST Syntax checking has been completed.
30/3/17 6:48:41 PM IST Failed to create the user 'Mohit'.
30/3/17 6:48:41 PM IST (Cannot create user because its login name is already in use.)
30/3/17 6:48:41 PM IST 1
30/3/17 6:48:41 PM IST Procedure 'test' execution completed.
30/3/17 6:48:41 PM IST No results returned.
30/3/17 6:48:41 PM IST Task(s) execution completed with errors.
30/3/17 6:48:41 PM IST Execution Time: 00:00:01
30/3/17 6:48:41 PM IST Successfully disconnected. (MSTR) MicroStrategy Analytics Modules: administrator
###################################################################

